
================traced at 2012-02-03 17:26:40================
php_sapi_name: testBackTracer.php cli

#0 php_trace() called at [/works/scriptbundle/testBackTracer.php:9]
#1 A->c() called at [/works/scriptbundle/testBackTracer.php:21]
array(1) {
  [0]=>
  &string(3) "abc"
}
#2 b() called at [/works/scriptbundle/testBackTracer.php:15]
#3 a() called at [/works/scriptbundle/testBackTracer.php:24]
array(2) {
  [0]=>
  &string(3) "abc"
  [1]=>
  object(A)#1 (0) {
  }
}

==================end of php_trace outputs:==================

================traced at 2012-02-03 17:27:43================
php_sapi_name: testBackTracer.php cli

#0 php_trace() called at [/works/scriptbundle/testBackTracer.php:9]
NULL
#1 A->c() called at [/works/scriptbundle/testBackTracer.php:20]
array(1) {
  [0]=>
  &string(3) "abc"
}
NULL
#2 b() called at [/works/scriptbundle/testBackTracer.php:14]
NULL
#3 a() called at [/works/scriptbundle/testBackTracer.php:23]
array(2) {
  [0]=>
  &string(3) "abc"
  [1]=>
  object(A)#1 (0) {
  }
}
NULL

==================end of php_trace outputs:==================

================traced at 2012-02-03 17:28:19================
php_sapi_name: testBackTracer.php cli

#0 php_trace() called at [/works/scriptbundle/testBackTracer.php:9]
#1 A->c() called at [/works/scriptbundle/testBackTracer.php:20]
array(1) {
  [0]=>
  &string(3) "abc"
}
array(7) {
  ["file"]=>
  string(38) "/works/scriptbundle/testBackTracer.php"
  ["line"]=>
  int(20)
  ["function"]=>
  string(1) "c"
  ["class"]=>
  string(1) "A"
  ["object"]=>
  object(A)#1 (0) {
  }
  ["type"]=>
  string(2) "->"
  ["args"]=>
  array(1) {
    [0]=>
    &string(3) "abc"
  }
}
#2 b() called at [/works/scriptbundle/testBackTracer.php:14]
#3 a() called at [/works/scriptbundle/testBackTracer.php:23]
array(2) {
  [0]=>
  &string(3) "abc"
  [1]=>
  object(A)#1 (0) {
  }
}
array(4) {
  ["file"]=>
  string(38) "/works/scriptbundle/testBackTracer.php"
  ["line"]=>
  int(23)
  ["function"]=>
  string(1) "a"
  ["args"]=>
  array(2) {
    [0]=>
    &string(3) "abc"
    [1]=>
    object(A)#1 (0) {
    }
  }
}

==================end of php_trace outputs:==================

================traced at 2012-02-03 17:30:39================
php_sapi_name: testBackTracer.php cli

#0 php_trace() called at [/works/scriptbundle/testBackTracer.php:9]
#1 A->c() called at [/works/scriptbundle/testBackTracer.php:20]
array(1) {
  [0]=>
  &string(3) "abc"
}
object(A)#1 (0) {
}
#2 b() called at [/works/scriptbundle/testBackTracer.php:14]
#3 a() called at [/works/scriptbundle/testBackTracer.php:23]
array(2) {
  [0]=>
  &string(3) "abc"
  [1]=>
  object(A)#1 (0) {
  }
}

==================end of php_trace outputs:==================

================traced at 2012-02-03 17:31:08================
php_sapi_name: testBackTracer.php cli

#0 php_trace() called at [/works/scriptbundle/testBackTracer.php:9]
#1 A->c() called at [/works/scriptbundle/testBackTracer.php:20]
array(1) {
  [0]=>
  &string(3) "abc"
}
object(A)#1 (0) {
}
#2 b() called at [/works/scriptbundle/testBackTracer.php:14]
#3 a() called at [/works/scriptbundle/testBackTracer.php:23]
array(2) {
  [0]=>
  &string(3) "abc"
  [1]=>
  object(A)#1 (0) {
  }
}

==================end of php_trace outputs:==================

================traced at 2012-02-03 17:31:55================
php_sapi_name: testBackTracer.php cli

#0 php_trace() called at [/works/scriptbundle/testBackTracer.php:9]
#1 A->c() called at [/works/scriptbundle/testBackTracer.php:20]
object(A)#1 (0) {
}
array(1) {
  [0]=>
  &string(3) "abc"
}
#2 b() called at [/works/scriptbundle/testBackTracer.php:14]
#3 a() called at [/works/scriptbundle/testBackTracer.php:23]
array(2) {
  [0]=>
  &string(3) "abc"
  [1]=>
  object(A)#1 (0) {
  }
}

==================end of php_trace outputs:==================
