chastity
vogue
tissue
lotion
pertinent
halo
whatnot
mill
incredible
ditch
verbatim
carpal
vague
breeze
gist
mandate
pristine
itinerary
cubicle
hygiene
crucible
gaffe
boob
clunky
finicky
inadvertent
cumbersome
lewd
heuristic
itinerary
avenue
crux
sporadical
inkling
convoluted
grisly
manifold
revelation
designation
tantrum
compatible
compatibility
capability
sublet
adhesion
bowel
hump
hobble
parable
staple
repertoire
shred
idiomatic
knack
nifty
poise
solicit
forethought
grin
gag
feeble
semantics
mantra
hilarious
